21:03:15.678 [main                     ] DEBUG Logger               - Configured Logger
21:03:15.697 [main                     ] DEBUG GameApplication      - Logging settings
Title: speed cube
Version: 0.0
Width: 500
Height: 500
Fullscreen: false
Intro: false
Profiling: false
Single step:false
App Mode: DEVELOPER
Menu Key: ESCAPE
Stage Style: DECORATED
Scene Factory: class com.almasb.fxgl.app.scene.SceneFactory

21:03:15.992 [JavaFX Application Thread] DEBUG FXGLApplication      - Initializing FXGL
21:03:15.995 [JavaFX Application Thread] INFO  Engine               - FXGL-21.1 (27.03.2024 07.52) on WINDOWS (J:21.0.8 FX:21.0.1)
21:03:15.996 [JavaFX Application Thread] DEBUG Engine               - JRE Vendor Name: Microsoft
21:03:15.996 [JavaFX Application Thread] DEBUG Engine               - Running on OS: Windows 10 version 10.0
21:03:15.996 [JavaFX Application Thread] DEBUG Engine               - Architecture: amd64
21:03:15.996 [JavaFX Application Thread] INFO  Engine               - Source code and latest versions at: https://github.com/AlmasB/FXGL
21:03:15.996 [JavaFX Application Thread] INFO  Engine               -       Ask questions and discuss at: https://github.com/AlmasB/FXGL/discussions
21:03:15.996 [JavaFX Application Thread] INFO  Engine               -              Join the FXGL chat at: https://gitter.im/AlmasB/FXGL
21:03:16.104 [JavaFX Application Thread] DEBUG PrimaryStageWindow   - Creating a JavaFX scene
21:03:16.149 [JavaFX Application Thread] DEBUG PrimaryStageWindow   - Target settings size: 500.0 x 500.0
21:03:16.150 [JavaFX Application Thread] DEBUG PrimaryStageWindow   - Scaled scene size:    500.0 x 500.0
21:03:16.150 [JavaFX Application Thread] DEBUG PrimaryStageWindow   - Scaled ratio: (1.0, 1.0)
21:03:16.151 [JavaFX Application Thread] DEBUG PrimaryStageWindow   - Set initial scene to FXGLStartupScene
21:03:16.153 [JavaFX Application Thread] DEBUG PrimaryStageWindow   - Opening main window
21:03:16.222 [JavaFX Application Thread] DEBUG PrimaryStageWindow   - Window border size: (14.66668701171875, 37.33331298828125)
21:03:16.222 [JavaFX Application Thread] DEBUG PrimaryStageWindow   - Scaled size: 500.0 x 500.0
21:03:16.222 [JavaFX Application Thread] DEBUG PrimaryStageWindow   - Scaled ratio: (1.0, 1.0)
21:03:16.223 [JavaFX Application Thread] DEBUG PrimaryStageWindow   - Scene size: 500.0 x 500.0
21:03:16.223 [JavaFX Application Thread] DEBUG PrimaryStageWindow   - Stage size: 514.6666870117188 x 537.3333129882812
21:03:16.231 [FXGL Background Thread 1 ] DEBUG Engine               - Initializing environment variables
21:03:16.288 [FXGL Background Thread 1 ] DEBUG FXGLAssetLoaderServi - User app class for loading assets: class org.example.Main
21:03:16.288 [FXGL Background Thread 1 ] DEBUG GameApplicationServi - Applying CSS: fxgl_dark.css
21:03:16.289 [FXGL Background Thread 1 ] DEBUG FXGLAssetLoaderServi - Loading from file system: jar:file:/C:/Users/Olga/.m2/repository/com/github/almasb/fxgl/21.1/fxgl-21.1.jar!/fxglassets/ui/css/fxgl_dark.css
21:03:16.328 [FXGL Background Thread 1 ] DEBUG GameApplicationServi - Initializing application scenes
21:03:16.363 [FXGL Background Thread 1 ] DEBUG GameWorld            - Game world initialized
21:03:16.433 [FXGL Background Thread 1 ] DEBUG PhysicsWorld         - Physics world initialized: appHeight=500, physics.ppm=50.0
21:03:16.433 [FXGL Background Thread 1 ] DEBUG PhysicsWorld         - Using strategy: BRUTE_FORCE
21:03:16.437 [FXGL Background Thread 1 ] DEBUG GameScene            - Game scene initialized: 500x500
21:03:16.448 [FXGL Background Thread 1 ] WARN  FXGL.DefaultMenu     - FXGLDefaultMenu is not designed for resolutions < 800x600
21:03:16.448 [FXGL Background Thread 1 ] DEBUG FXGL.DefaultMenu     - createMenuBodyGameMenu()
21:03:16.461 [FXGL Background Thread 1 ] DEBUG FXGL.DefaultMenu     - createOptionsMenu()
21:03:16.469 [FXGL Background Thread 1 ] DEBUG FXGLAssetLoaderServi - Loading from file system: jar:file:/C:/Users/Olga/.m2/repository/com/github/almasb/fxgl/21.1/fxgl-21.1.jar!/fxglassets/textures/particles/smoke.png
21:03:16.564 [FXGL Background Thread 1 ] DEBUG FXGLAssetLoaderServi - Loading from file system: jar:file:/C:/Users/Olga/.m2/repository/com/github/almasb/fxgl/21.1/fxgl-21.1.jar!/fxglassets/textures/particles/trace_horizontal.png
21:03:16.594 [FXGL Background Thread 1 ] DEBUG GameApplicationServi - Application scenes initialized
21:03:16.607 [FXGL Background Thread 1 ] DEBUG SystemBundleService  - Loading FXGL system data
21:03:16.611 [FXGL Background Thread 1 ] DEBUG FileSystemAccess     - Reading from: C:\Users\Olga\Videos\untitled4\system\fxgl.bundle
21:03:16.621 [FXGL Background Thread 1 ] DEBUG SystemBundleService  - Bundle FXGL: {}
21:03:16.621 [FXGL Background Thread 1 ] DEBUG UpdaterService       - Checking for updates
21:03:16.625 [FXGL Background Thread 4 ] DEBUG FXGLApplication      - Loading fonts
21:03:16.626 [FXGL Background Thread 4 ] DEBUG FXGLAssetLoaderServi - Loading from file system: jar:file:/C:/Users/Olga/.m2/repository/com/github/almasb/fxgl/21.1/fxgl-21.1.jar!/fxglassets/ui/fonts/VarelaRound-Regular.ttf
21:03:16.626 [FXGL Background Thread 1 ] DEBUG FXGLApplication      - Loading default localization
21:03:16.627 [FXGL Background Thread 1 ] DEBUG FXGLAssetLoaderServi - Loading from file system: jar:file:/C:/Users/Olga/.m2/repository/com/github/almasb/fxgl/21.1/fxgl-21.1.jar!/fxglassets/languages/english.lang
21:03:16.647 [FXGL Background Thread 1 ] INFO  FXGLApplication      - FXGL initialization took: 0.416 sec
21:03:16.649 [JavaFX Application Thread] DEBUG FXGLAssetLoaderServi - Loading from file system: jar:file:/C:/Users/Olga/.m2/repository/com/github/almasb/fxgl/21.1/fxgl-21.1.jar!/fxglassets/textures/fxgl_icon.png
21:03:16.669 [JavaFX Application Thread] DEBUG FXGLAssetLoaderServi - Loading from file system: jar:file:/C:/Users/Olga/.m2/repository/com/github/almasb/fxgl/21.1/fxgl-21.1.jar!/fxglassets/textures/fxgl_default_cursor.png
21:03:16.679 [FXGL Background Thread 4 ] DEBUG FXGLAssetLoaderServi - Loading from file system: jar:file:/C:/Users/Olga/.m2/repository/com/github/almasb/fxgl/21.1/fxgl-21.1.jar!/fxglassets/ui/fonts/Abel-Regular.ttf
21:03:16.681 [JavaFX Application Thread] DEBUG Input                - Registered new binding: Screenshot - CTRL+8
21:03:16.682 [JavaFX Application Thread] DEBUG Input                - Registered new binding: System info dump - CTRL+9
21:03:16.683 [JavaFX Application Thread] DEBUG Input                - Registered new binding: Restart - CTRL+R
21:03:16.683 [JavaFX Application Thread] DEBUG Input                - Registered new binding: Toggle Debug Camera - CTRL+7
21:03:16.686 [JavaFX Application Thread] DEBUG LoopRunner           - Starting loop
21:03:16.686 [JavaFX Application Thread] DEBUG LoopRunner           - Initializing JavaFX AnimationTimerLoop
21:03:16.689 [JavaFX Application Thread] DEBUG GameApplicationServi - Starting new game
21:03:16.689 [JavaFX Application Thread] DEBUG Input                - Clearing active input actions
21:03:16.696 [FXGL Background Thread 4 ] DEBUG FXGLAssetLoaderServi - Loading from file system: jar:file:/C:/Users/Olga/.m2/repository/com/github/almasb/fxgl/21.1/fxgl-21.1.jar!/fxglassets/ui/fonts/TerminalLandMono-Regular.otf
21:03:16.701 [JavaFX Application Thread] DEBUG GameApplicationServi - Removing overlay from FXGLStartupScene and adding to FXGLLoadingScene
21:03:16.702 [JavaFX Application Thread] DEBUG PrimaryStageWindow   - FXGLStartupScene -> FXGLLoadingScene
21:03:16.702 [JavaFX Application Thread] DEBUG GameApplicationServi - Clearing previous game
21:03:16.702 [JavaFX Application Thread] DEBUG GameScene            - Clearing game scene
21:03:16.702 [JavaFX Application Thread] DEBUG GameWorld            - Clearing game world
21:03:16.702 [JavaFX Application Thread] DEBUG PhysicsWorld         - Clearing physics world
21:03:16.704 [FXGL Background Thread 1 ] DEBUG FXGLApplication      - Initializing game
21:03:16.712 [FXGL Background Thread 4 ] DEBUG FXGLAssetLoaderServi - Loading from file system: jar:file:/C:/Users/Olga/.m2/repository/com/github/almasb/fxgl/21.1/fxgl-21.1.jar!/fxglassets/ui/fonts/Courier-Prime.ttf
21:03:16.734 [FXGL Background Thread 1 ] DEBUG Input                - Registered new binding: D - D
21:03:16.735 [FXGL Background Thread 1 ] DEBUG Input                - Registered new binding: A - A
21:03:16.735 [FXGL Background Thread 1 ] DEBUG Input                - Registered new binding: W - W
21:03:16.735 [FXGL Background Thread 1 ] DEBUG Input                - Registered new binding: S - S
21:03:16.735 [FXGL Background Thread 1 ] INFO  FXGLApplication      - Game initialization took: 0.031 sec
21:03:16.746 [JavaFX Application Thread] DEBUG FXGLApplication      - Registering font factories with UI factory
21:03:16.748 [JavaFX Application Thread] DEBUG Input                - Clearing active input actions
21:03:16.757 [JavaFX Application Thread] DEBUG GameApplicationServi - Removing overlay from FXGLLoadingScene and adding to GameScene
21:03:16.758 [JavaFX Application Thread] DEBUG PrimaryStageWindow   - FXGLLoadingScene -> GameScene
21:03:18.490 [JavaFX Application Thread] DEBUG FXGLApplication      - Exiting FXGL
21:03:18.490 [JavaFX Application Thread] DEBUG LoopRunner           - Stopping loop
21:03:18.490 [JavaFX Application Thread] DEBUG SystemBundleService  - Saving FXGL system data
21:03:18.492 [JavaFX Application Thread] DEBUG FileSystemAccess     - Writing to: C:\Users\Olga\Videos\untitled4\system\fxgl.bundle
21:03:18.495 [JavaFX Application Thread] DEBUG Async                - Shutting down background threads
21:03:18.495 [JavaFX Application Thread] DEBUG PrimaryStageWindow   - Closing main window
21:03:18.507 [JavaFX Application Thread] DEBUG Logger               - Closing Logger
