21:02:08.172 [main                     ] DEBUG Logger               - Configured Logger
21:02:08.190 [main                     ] DEBUG GameApplication      - Logging settings
Title: speed cube
Version: 0.0
Width: 500
Height: 500
Fullscreen: false
Intro: false
Profiling: false
Single step:false
App Mode: DEVELOPER
Menu Key: ESCAPE
Stage Style: DECORATED
Scene Factory: class com.almasb.fxgl.app.scene.SceneFactory

21:02:08.490 [JavaFX Application Thread] DEBUG FXGLApplication      - Initializing FXGL
21:02:08.493 [JavaFX Application Thread] INFO  Engine               - FXGL-21.1 (27.03.2024 07.52) on WINDOWS (J:21.0.8 FX:21.0.1)
21:02:08.493 [JavaFX Application Thread] DEBUG Engine               - JRE Vendor Name: Microsoft
21:02:08.494 [JavaFX Application Thread] DEBUG Engine               - Running on OS: Windows 10 version 10.0
21:02:08.494 [JavaFX Application Thread] DEBUG Engine               - Architecture: amd64
21:02:08.494 [JavaFX Application Thread] INFO  Engine               - Source code and latest versions at: https://github.com/AlmasB/FXGL
21:02:08.494 [JavaFX Application Thread] INFO  Engine               -       Ask questions and discuss at: https://github.com/AlmasB/FXGL/discussions
21:02:08.494 [JavaFX Application Thread] INFO  Engine               -              Join the FXGL chat at: https://gitter.im/AlmasB/FXGL
21:02:08.595 [JavaFX Application Thread] DEBUG PrimaryStageWindow   - Creating a JavaFX scene
21:02:08.647 [JavaFX Application Thread] DEBUG PrimaryStageWindow   - Target settings size: 500.0 x 500.0
21:02:08.647 [JavaFX Application Thread] DEBUG PrimaryStageWindow   - Scaled scene size:    500.0 x 500.0
21:02:08.647 [JavaFX Application Thread] DEBUG PrimaryStageWindow   - Scaled ratio: (1.0, 1.0)
21:02:08.648 [JavaFX Application Thread] DEBUG PrimaryStageWindow   - Set initial scene to FXGLStartupScene
21:02:08.652 [JavaFX Application Thread] DEBUG PrimaryStageWindow   - Opening main window
21:02:08.728 [JavaFX Application Thread] DEBUG PrimaryStageWindow   - Window border size: (14.66668701171875, 37.33331298828125)
21:02:08.728 [JavaFX Application Thread] DEBUG PrimaryStageWindow   - Scaled size: 500.0 x 500.0
21:02:08.729 [JavaFX Application Thread] DEBUG PrimaryStageWindow   - Scaled ratio: (1.0, 1.0)
21:02:08.729 [JavaFX Application Thread] DEBUG PrimaryStageWindow   - Scene size: 500.0 x 500.0
21:02:08.729 [JavaFX Application Thread] DEBUG PrimaryStageWindow   - Stage size: 514.6666870117188 x 537.3333129882812
21:02:08.737 [FXGL Background Thread 1 ] DEBUG Engine               - Initializing environment variables
21:02:08.797 [FXGL Background Thread 1 ] DEBUG FXGLAssetLoaderServi - User app class for loading assets: class org.example.Main
21:02:08.798 [FXGL Background Thread 1 ] DEBUG GameApplicationServi - Applying CSS: fxgl_dark.css
21:02:08.799 [FXGL Background Thread 1 ] DEBUG FXGLAssetLoaderServi - Loading from file system: jar:file:/C:/Users/Olga/.m2/repository/com/github/almasb/fxgl/21.1/fxgl-21.1.jar!/fxglassets/ui/css/fxgl_dark.css
21:02:08.834 [FXGL Background Thread 1 ] DEBUG GameApplicationServi - Initializing application scenes
21:02:08.869 [FXGL Background Thread 1 ] DEBUG GameWorld            - Game world initialized
21:02:08.936 [FXGL Background Thread 1 ] DEBUG PhysicsWorld         - Physics world initialized: appHeight=500, physics.ppm=50.0
21:02:08.936 [FXGL Background Thread 1 ] DEBUG PhysicsWorld         - Using strategy: BRUTE_FORCE
21:02:08.939 [FXGL Background Thread 1 ] DEBUG GameScene            - Game scene initialized: 500x500
21:02:08.949 [FXGL Background Thread 1 ] WARN  FXGL.DefaultMenu     - FXGLDefaultMenu is not designed for resolutions < 800x600
21:02:08.949 [FXGL Background Thread 1 ] DEBUG FXGL.DefaultMenu     - createMenuBodyGameMenu()
21:02:08.962 [FXGL Background Thread 1 ] DEBUG FXGL.DefaultMenu     - createOptionsMenu()
21:02:08.970 [FXGL Background Thread 1 ] DEBUG FXGLAssetLoaderServi - Loading from file system: jar:file:/C:/Users/Olga/.m2/repository/com/github/almasb/fxgl/21.1/fxgl-21.1.jar!/fxglassets/textures/particles/smoke.png
21:02:09.065 [FXGL Background Thread 1 ] DEBUG FXGLAssetLoaderServi - Loading from file system: jar:file:/C:/Users/Olga/.m2/repository/com/github/almasb/fxgl/21.1/fxgl-21.1.jar!/fxglassets/textures/particles/trace_horizontal.png
21:02:09.094 [FXGL Background Thread 1 ] DEBUG GameApplicationServi - Application scenes initialized
21:02:09.104 [FXGL Background Thread 1 ] DEBUG SystemBundleService  - Loading FXGL system data
21:02:09.108 [FXGL Background Thread 1 ] DEBUG FileSystemAccess     - Reading from: C:\Users\Olga\Videos\untitled4\system\fxgl.bundle
21:02:09.116 [FXGL Background Thread 1 ] DEBUG SystemBundleService  - Bundle FXGL: {}
21:02:09.116 [FXGL Background Thread 1 ] DEBUG UpdaterService       - Checking for updates
21:02:09.120 [FXGL Background Thread 4 ] DEBUG FXGLApplication      - Loading fonts
21:02:09.120 [FXGL Background Thread 4 ] DEBUG FXGLAssetLoaderServi - Loading from file system: jar:file:/C:/Users/Olga/.m2/repository/com/github/almasb/fxgl/21.1/fxgl-21.1.jar!/fxglassets/ui/fonts/VarelaRound-Regular.ttf
21:02:09.120 [FXGL Background Thread 1 ] DEBUG FXGLApplication      - Loading default localization
21:02:09.121 [FXGL Background Thread 1 ] DEBUG FXGLAssetLoaderServi - Loading from file system: jar:file:/C:/Users/Olga/.m2/repository/com/github/almasb/fxgl/21.1/fxgl-21.1.jar!/fxglassets/languages/english.lang
21:02:09.139 [FXGL Background Thread 1 ] INFO  FXGLApplication      - FXGL initialization took: 0.402 sec
21:02:09.141 [JavaFX Application Thread] DEBUG FXGLAssetLoaderServi - Loading from file system: jar:file:/C:/Users/Olga/.m2/repository/com/github/almasb/fxgl/21.1/fxgl-21.1.jar!/fxglassets/textures/fxgl_icon.png
21:02:09.161 [JavaFX Application Thread] DEBUG FXGLAssetLoaderServi - Loading from file system: jar:file:/C:/Users/Olga/.m2/repository/com/github/almasb/fxgl/21.1/fxgl-21.1.jar!/fxglassets/textures/fxgl_default_cursor.png
21:02:09.171 [FXGL Background Thread 4 ] DEBUG FXGLAssetLoaderServi - Loading from file system: jar:file:/C:/Users/Olga/.m2/repository/com/github/almasb/fxgl/21.1/fxgl-21.1.jar!/fxglassets/ui/fonts/Abel-Regular.ttf
21:02:09.171 [JavaFX Application Thread] DEBUG Input                - Registered new binding: Screenshot - CTRL+8
21:02:09.173 [JavaFX Application Thread] DEBUG Input                - Registered new binding: System info dump - CTRL+9
21:02:09.173 [JavaFX Application Thread] DEBUG Input                - Registered new binding: Restart - CTRL+R
21:02:09.174 [JavaFX Application Thread] DEBUG Input                - Registered new binding: Toggle Debug Camera - CTRL+7
21:02:09.177 [JavaFX Application Thread] DEBUG LoopRunner           - Starting loop
21:02:09.177 [JavaFX Application Thread] DEBUG LoopRunner           - Initializing JavaFX AnimationTimerLoop
21:02:09.178 [JavaFX Application Thread] DEBUG GameApplicationServi - Starting new game
21:02:09.178 [JavaFX Application Thread] DEBUG Input                - Clearing active input actions
21:02:09.184 [FXGL Background Thread 4 ] DEBUG FXGLAssetLoaderServi - Loading from file system: jar:file:/C:/Users/Olga/.m2/repository/com/github/almasb/fxgl/21.1/fxgl-21.1.jar!/fxglassets/ui/fonts/TerminalLandMono-Regular.otf
21:02:09.190 [JavaFX Application Thread] DEBUG GameApplicationServi - Removing overlay from FXGLStartupScene and adding to FXGLLoadingScene
21:02:09.190 [JavaFX Application Thread] DEBUG PrimaryStageWindow   - FXGLStartupScene -> FXGLLoadingScene
21:02:09.190 [JavaFX Application Thread] DEBUG GameApplicationServi - Clearing previous game
21:02:09.190 [JavaFX Application Thread] DEBUG GameScene            - Clearing game scene
21:02:09.190 [JavaFX Application Thread] DEBUG GameWorld            - Clearing game world
21:02:09.191 [JavaFX Application Thread] DEBUG PhysicsWorld         - Clearing physics world
21:02:09.192 [FXGL Background Thread 1 ] DEBUG FXGLApplication      - Initializing game
21:02:09.199 [FXGL Background Thread 4 ] DEBUG FXGLAssetLoaderServi - Loading from file system: jar:file:/C:/Users/Olga/.m2/repository/com/github/almasb/fxgl/21.1/fxgl-21.1.jar!/fxglassets/ui/fonts/Courier-Prime.ttf
21:02:09.222 [FXGL Background Thread 1 ] DEBUG Input                - Registered new binding: D - D
21:02:09.223 [FXGL Background Thread 1 ] DEBUG Input                - Registered new binding: A - A
21:02:09.223 [FXGL Background Thread 1 ] DEBUG Input                - Registered new binding: W - W
21:02:09.223 [FXGL Background Thread 1 ] DEBUG Input                - Registered new binding: S - S
21:02:09.223 [FXGL Background Thread 1 ] INFO  FXGLApplication      - Game initialization took: 0.031 sec
21:02:09.232 [JavaFX Application Thread] DEBUG FXGLApplication      - Registering font factories with UI factory
21:02:09.234 [JavaFX Application Thread] DEBUG Input                - Clearing active input actions
21:02:09.243 [JavaFX Application Thread] DEBUG GameApplicationServi - Removing overlay from FXGLLoadingScene and adding to GameScene
21:02:09.243 [JavaFX Application Thread] DEBUG PrimaryStageWindow   - FXGLLoadingScene -> GameScene
21:02:11.538 [JavaFX Application Thread] DEBUG FXGLApplication      - Exiting FXGL
21:02:11.538 [JavaFX Application Thread] DEBUG LoopRunner           - Stopping loop
21:02:11.539 [JavaFX Application Thread] DEBUG SystemBundleService  - Saving FXGL system data
21:02:11.542 [JavaFX Application Thread] DEBUG FileSystemAccess     - Writing to: C:\Users\Olga\Videos\untitled4\system\fxgl.bundle
21:02:11.544 [JavaFX Application Thread] DEBUG Async                - Shutting down background threads
21:02:11.544 [JavaFX Application Thread] DEBUG PrimaryStageWindow   - Closing main window
21:02:11.554 [JavaFX Application Thread] DEBUG Logger               - Closing Logger
