21:06:50.100 [main                     ] DEBUG Logger               - Configured Logger
21:06:50.118 [main                     ] DEBUG GameApplication      - Logging settings
Title: speed cube
Version: 0.0
Width: 500
Height: 500
Fullscreen: false
Intro: false
Profiling: false
Single step:false
App Mode: DEVELOPER
Menu Key: ESCAPE
Stage Style: DECORATED
Scene Factory: class com.almasb.fxgl.app.scene.SceneFactory

21:06:50.442 [JavaFX Application Thread] DEBUG FXGLApplication      - Initializing FXGL
21:06:50.446 [JavaFX Application Thread] INFO  Engine               - FXGL-21.1 (27.03.2024 07.52) on WINDOWS (J:21.0.8 FX:21.0.1)
21:06:50.446 [JavaFX Application Thread] DEBUG Engine               - JRE Vendor Name: Microsoft
21:06:50.446 [JavaFX Application Thread] DEBUG Engine               - Running on OS: Windows 10 version 10.0
21:06:50.446 [JavaFX Application Thread] DEBUG Engine               - Architecture: amd64
21:06:50.447 [JavaFX Application Thread] INFO  Engine               - Source code and latest versions at: https://github.com/AlmasB/FXGL
21:06:50.447 [JavaFX Application Thread] INFO  Engine               -       Ask questions and discuss at: https://github.com/AlmasB/FXGL/discussions
21:06:50.447 [JavaFX Application Thread] INFO  Engine               -              Join the FXGL chat at: https://gitter.im/AlmasB/FXGL
21:06:50.573 [JavaFX Application Thread] DEBUG PrimaryStageWindow   - Creating a JavaFX scene
21:06:50.620 [JavaFX Application Thread] DEBUG PrimaryStageWindow   - Target settings size: 500.0 x 500.0
21:06:50.620 [JavaFX Application Thread] DEBUG PrimaryStageWindow   - Scaled scene size:    500.0 x 500.0
21:06:50.620 [JavaFX Application Thread] DEBUG PrimaryStageWindow   - Scaled ratio: (1.0, 1.0)
21:06:50.621 [JavaFX Application Thread] DEBUG PrimaryStageWindow   - Set initial scene to FXGLStartupScene
21:06:50.624 [JavaFX Application Thread] DEBUG PrimaryStageWindow   - Opening main window
21:06:50.700 [JavaFX Application Thread] DEBUG PrimaryStageWindow   - Window border size: (14.66668701171875, 37.33331298828125)
21:06:50.700 [JavaFX Application Thread] DEBUG PrimaryStageWindow   - Scaled size: 500.0 x 500.0
21:06:50.700 [JavaFX Application Thread] DEBUG PrimaryStageWindow   - Scaled ratio: (1.0, 1.0)
21:06:50.700 [JavaFX Application Thread] DEBUG PrimaryStageWindow   - Scene size: 500.0 x 500.0
21:06:50.701 [JavaFX Application Thread] DEBUG PrimaryStageWindow   - Stage size: 514.6666870117188 x 537.3333129882812
21:06:50.709 [FXGL Background Thread 1 ] DEBUG Engine               - Initializing environment variables
21:06:50.770 [FXGL Background Thread 1 ] DEBUG FXGLAssetLoaderServi - User app class for loading assets: class org.example.Main
21:06:50.771 [FXGL Background Thread 1 ] DEBUG GameApplicationServi - Applying CSS: fxgl_dark.css
21:06:50.772 [FXGL Background Thread 1 ] DEBUG FXGLAssetLoaderServi - Loading from file system: jar:file:/C:/Users/Olga/.m2/repository/com/github/almasb/fxgl/21.1/fxgl-21.1.jar!/fxglassets/ui/css/fxgl_dark.css
21:06:50.817 [FXGL Background Thread 1 ] DEBUG GameApplicationServi - Initializing application scenes
21:06:50.849 [FXGL Background Thread 1 ] DEBUG GameWorld            - Game world initialized
21:06:50.910 [FXGL Background Thread 1 ] DEBUG PhysicsWorld         - Physics world initialized: appHeight=500, physics.ppm=50.0
21:06:50.911 [FXGL Background Thread 1 ] DEBUG PhysicsWorld         - Using strategy: BRUTE_FORCE
21:06:50.914 [FXGL Background Thread 1 ] DEBUG GameScene            - Game scene initialized: 500x500
21:06:50.923 [FXGL Background Thread 1 ] WARN  FXGL.DefaultMenu     - FXGLDefaultMenu is not designed for resolutions < 800x600
21:06:50.923 [FXGL Background Thread 1 ] DEBUG FXGL.DefaultMenu     - createMenuBodyGameMenu()
21:06:50.937 [FXGL Background Thread 1 ] DEBUG FXGL.DefaultMenu     - createOptionsMenu()
21:06:50.945 [FXGL Background Thread 1 ] DEBUG FXGLAssetLoaderServi - Loading from file system: jar:file:/C:/Users/Olga/.m2/repository/com/github/almasb/fxgl/21.1/fxgl-21.1.jar!/fxglassets/textures/particles/smoke.png
21:06:51.044 [FXGL Background Thread 1 ] DEBUG FXGLAssetLoaderServi - Loading from file system: jar:file:/C:/Users/Olga/.m2/repository/com/github/almasb/fxgl/21.1/fxgl-21.1.jar!/fxglassets/textures/particles/trace_horizontal.png
21:06:51.076 [FXGL Background Thread 1 ] DEBUG GameApplicationServi - Application scenes initialized
21:06:51.091 [FXGL Background Thread 1 ] DEBUG SystemBundleService  - Loading FXGL system data
21:06:51.095 [FXGL Background Thread 1 ] DEBUG FileSystemAccess     - Reading from: C:\Users\Olga\Videos\untitled4\system\fxgl.bundle
21:06:51.105 [FXGL Background Thread 1 ] DEBUG SystemBundleService  - Bundle FXGL: {}
21:06:51.105 [FXGL Background Thread 1 ] DEBUG UpdaterService       - Checking for updates
21:06:51.110 [FXGL Background Thread 4 ] DEBUG FXGLApplication      - Loading fonts
21:06:51.111 [FXGL Background Thread 4 ] DEBUG FXGLAssetLoaderServi - Loading from file system: jar:file:/C:/Users/Olga/.m2/repository/com/github/almasb/fxgl/21.1/fxgl-21.1.jar!/fxglassets/ui/fonts/VarelaRound-Regular.ttf
21:06:51.111 [FXGL Background Thread 1 ] DEBUG FXGLApplication      - Loading default localization
21:06:51.111 [FXGL Background Thread 1 ] DEBUG FXGLAssetLoaderServi - Loading from file system: jar:file:/C:/Users/Olga/.m2/repository/com/github/almasb/fxgl/21.1/fxgl-21.1.jar!/fxglassets/languages/english.lang
21:06:51.134 [FXGL Background Thread 1 ] INFO  FXGLApplication      - FXGL initialization took: 0.425 sec
21:06:51.136 [JavaFX Application Thread] DEBUG FXGLAssetLoaderServi - Loading from file system: jar:file:/C:/Users/Olga/.m2/repository/com/github/almasb/fxgl/21.1/fxgl-21.1.jar!/fxglassets/textures/fxgl_icon.png
21:06:51.152 [FXGL Background Thread 4 ] DEBUG FXGLAssetLoaderServi - Loading from file system: jar:file:/C:/Users/Olga/.m2/repository/com/github/almasb/fxgl/21.1/fxgl-21.1.jar!/fxglassets/ui/fonts/Abel-Regular.ttf
21:06:51.156 [JavaFX Application Thread] DEBUG FXGLAssetLoaderServi - Loading from file system: jar:file:/C:/Users/Olga/.m2/repository/com/github/almasb/fxgl/21.1/fxgl-21.1.jar!/fxglassets/textures/fxgl_default_cursor.png
21:06:51.167 [FXGL Background Thread 4 ] DEBUG FXGLAssetLoaderServi - Loading from file system: jar:file:/C:/Users/Olga/.m2/repository/com/github/almasb/fxgl/21.1/fxgl-21.1.jar!/fxglassets/ui/fonts/TerminalLandMono-Regular.otf
21:06:51.169 [JavaFX Application Thread] DEBUG Input                - Registered new binding: Screenshot - CTRL+8
21:06:51.170 [JavaFX Application Thread] DEBUG Input                - Registered new binding: System info dump - CTRL+9
21:06:51.171 [JavaFX Application Thread] DEBUG Input                - Registered new binding: Restart - CTRL+R
21:06:51.171 [JavaFX Application Thread] DEBUG Input                - Registered new binding: Toggle Debug Camera - CTRL+7
21:06:51.174 [JavaFX Application Thread] DEBUG LoopRunner           - Starting loop
21:06:51.174 [JavaFX Application Thread] DEBUG LoopRunner           - Initializing JavaFX AnimationTimerLoop
21:06:51.176 [JavaFX Application Thread] DEBUG GameApplicationServi - Starting new game
21:06:51.176 [JavaFX Application Thread] DEBUG Input                - Clearing active input actions
21:06:51.183 [FXGL Background Thread 4 ] DEBUG FXGLAssetLoaderServi - Loading from file system: jar:file:/C:/Users/Olga/.m2/repository/com/github/almasb/fxgl/21.1/fxgl-21.1.jar!/fxglassets/ui/fonts/Courier-Prime.ttf
21:06:51.189 [JavaFX Application Thread] DEBUG GameApplicationServi - Removing overlay from FXGLStartupScene and adding to FXGLLoadingScene
21:06:51.190 [JavaFX Application Thread] DEBUG PrimaryStageWindow   - FXGLStartupScene -> FXGLLoadingScene
21:06:51.190 [JavaFX Application Thread] DEBUG GameApplicationServi - Clearing previous game
21:06:51.190 [JavaFX Application Thread] DEBUG GameScene            - Clearing game scene
21:06:51.190 [JavaFX Application Thread] DEBUG GameWorld            - Clearing game world
21:06:51.190 [JavaFX Application Thread] DEBUG PhysicsWorld         - Clearing physics world
21:06:51.192 [FXGL Background Thread 1 ] DEBUG FXGLApplication      - Initializing game
21:06:51.219 [FXGL Background Thread 1 ] DEBUG Input                - Registered new binding: D - D
21:06:51.220 [FXGL Background Thread 1 ] DEBUG Input                - Registered new binding: A - A
21:06:51.220 [FXGL Background Thread 1 ] DEBUG Input                - Registered new binding: W - W
21:06:51.220 [FXGL Background Thread 1 ] DEBUG Input                - Registered new binding: S - S
21:06:51.220 [FXGL Background Thread 1 ] INFO  FXGLApplication      - Game initialization took: 0.028 sec
21:06:51.236 [JavaFX Application Thread] DEBUG FXGLApplication      - Registering font factories with UI factory
21:06:51.237 [JavaFX Application Thread] DEBUG Input                - Clearing active input actions
21:06:51.245 [JavaFX Application Thread] DEBUG GameApplicationServi - Removing overlay from FXGLLoadingScene and adding to GameScene
21:06:51.246 [JavaFX Application Thread] DEBUG PrimaryStageWindow   - FXGLLoadingScene -> GameScene
21:06:52.222 [JavaFX Application Thread] DEBUG FXGLApplication      - Exiting FXGL
21:06:52.222 [JavaFX Application Thread] DEBUG LoopRunner           - Stopping loop
21:06:52.222 [JavaFX Application Thread] DEBUG SystemBundleService  - Saving FXGL system data
21:06:52.224 [JavaFX Application Thread] DEBUG FileSystemAccess     - Writing to: C:\Users\Olga\Videos\untitled4\system\fxgl.bundle
21:06:52.227 [JavaFX Application Thread] DEBUG Async                - Shutting down background threads
21:06:52.227 [JavaFX Application Thread] DEBUG PrimaryStageWindow   - Closing main window
21:06:52.236 [JavaFX Application Thread] DEBUG Logger               - Closing Logger
