21:01:56.613 [main                     ] DEBUG Logger               - Configured Logger
21:01:56.634 [main                     ] DEBUG GameApplication      - Logging settings
Title: speed cube
Version: 0.0
Width: 500
Height: 500
Fullscreen: false
Intro: false
Profiling: false
Single step:false
App Mode: DEVELOPER
Menu Key: ESCAPE
Stage Style: DECORATED
Scene Factory: class com.almasb.fxgl.app.scene.SceneFactory

21:01:56.962 [JavaFX Application Thread] DEBUG FXGLApplication      - Initializing FXGL
21:01:56.970 [JavaFX Application Thread] INFO  Engine               - FXGL-21.1 (27.03.2024 07.52) on WINDOWS (J:21.0.8 FX:21.0.1)
21:01:56.970 [JavaFX Application Thread] DEBUG Engine               - JRE Vendor Name: Microsoft
21:01:56.970 [JavaFX Application Thread] DEBUG Engine               - Running on OS: Windows 10 version 10.0
21:01:56.970 [JavaFX Application Thread] DEBUG Engine               - Architecture: amd64
21:01:56.970 [JavaFX Application Thread] INFO  Engine               - Source code and latest versions at: https://github.com/AlmasB/FXGL
21:01:56.971 [JavaFX Application Thread] INFO  Engine               -       Ask questions and discuss at: https://github.com/AlmasB/FXGL/discussions
21:01:56.971 [JavaFX Application Thread] INFO  Engine               -              Join the FXGL chat at: https://gitter.im/AlmasB/FXGL
21:01:57.067 [JavaFX Application Thread] DEBUG PrimaryStageWindow   - Creating a JavaFX scene
21:01:57.112 [JavaFX Application Thread] DEBUG PrimaryStageWindow   - Target settings size: 500.0 x 500.0
21:01:57.112 [JavaFX Application Thread] DEBUG PrimaryStageWindow   - Scaled scene size:    500.0 x 500.0
21:01:57.112 [JavaFX Application Thread] DEBUG PrimaryStageWindow   - Scaled ratio: (1.0, 1.0)
21:01:57.113 [JavaFX Application Thread] DEBUG PrimaryStageWindow   - Set initial scene to FXGLStartupScene
21:01:57.117 [JavaFX Application Thread] DEBUG PrimaryStageWindow   - Opening main window
21:01:57.189 [JavaFX Application Thread] DEBUG PrimaryStageWindow   - Window border size: (14.66668701171875, 37.33331298828125)
21:01:57.190 [JavaFX Application Thread] DEBUG PrimaryStageWindow   - Scaled size: 500.0 x 500.0
21:01:57.190 [JavaFX Application Thread] DEBUG PrimaryStageWindow   - Scaled ratio: (1.0, 1.0)
21:01:57.190 [JavaFX Application Thread] DEBUG PrimaryStageWindow   - Scene size: 500.0 x 500.0
21:01:57.190 [JavaFX Application Thread] DEBUG PrimaryStageWindow   - Stage size: 514.6666870117188 x 537.3333129882812
21:01:57.200 [FXGL Background Thread 1 ] DEBUG Engine               - Initializing environment variables
21:01:57.267 [FXGL Background Thread 1 ] DEBUG FXGLAssetLoaderServi - User app class for loading assets: class org.example.Main
21:01:57.268 [FXGL Background Thread 1 ] DEBUG GameApplicationServi - Applying CSS: fxgl_dark.css
21:01:57.268 [FXGL Background Thread 1 ] DEBUG FXGLAssetLoaderServi - Loading from file system: jar:file:/C:/Users/Olga/.m2/repository/com/github/almasb/fxgl/21.1/fxgl-21.1.jar!/fxglassets/ui/css/fxgl_dark.css
21:01:57.310 [FXGL Background Thread 1 ] DEBUG GameApplicationServi - Initializing application scenes
21:01:57.346 [FXGL Background Thread 1 ] DEBUG GameWorld            - Game world initialized
21:01:57.414 [FXGL Background Thread 1 ] DEBUG PhysicsWorld         - Physics world initialized: appHeight=500, physics.ppm=50.0
21:01:57.414 [FXGL Background Thread 1 ] DEBUG PhysicsWorld         - Using strategy: BRUTE_FORCE
21:01:57.417 [FXGL Background Thread 1 ] DEBUG GameScene            - Game scene initialized: 500x500
21:01:57.427 [FXGL Background Thread 1 ] WARN  FXGL.DefaultMenu     - FXGLDefaultMenu is not designed for resolutions < 800x600
21:01:57.427 [FXGL Background Thread 1 ] DEBUG FXGL.DefaultMenu     - createMenuBodyGameMenu()
21:01:57.440 [FXGL Background Thread 1 ] DEBUG FXGL.DefaultMenu     - createOptionsMenu()
21:01:57.449 [FXGL Background Thread 1 ] DEBUG FXGLAssetLoaderServi - Loading from file system: jar:file:/C:/Users/Olga/.m2/repository/com/github/almasb/fxgl/21.1/fxgl-21.1.jar!/fxglassets/textures/particles/smoke.png
21:01:57.542 [FXGL Background Thread 1 ] DEBUG FXGLAssetLoaderServi - Loading from file system: jar:file:/C:/Users/Olga/.m2/repository/com/github/almasb/fxgl/21.1/fxgl-21.1.jar!/fxglassets/textures/particles/trace_horizontal.png
21:01:57.574 [FXGL Background Thread 1 ] DEBUG GameApplicationServi - Application scenes initialized
21:01:57.586 [FXGL Background Thread 1 ] DEBUG SystemBundleService  - Loading FXGL system data
21:01:57.589 [FXGL Background Thread 1 ] DEBUG FileSystemAccess     - Reading from: C:\Users\Olga\Videos\untitled4\system\fxgl.bundle
21:01:57.597 [FXGL Background Thread 1 ] DEBUG SystemBundleService  - Bundle FXGL: {}
21:01:57.597 [FXGL Background Thread 1 ] DEBUG UpdaterService       - Checking for updates
21:01:57.600 [FXGL Background Thread 4 ] DEBUG FXGLApplication      - Loading fonts
21:01:57.601 [FXGL Background Thread 4 ] DEBUG FXGLAssetLoaderServi - Loading from file system: jar:file:/C:/Users/Olga/.m2/repository/com/github/almasb/fxgl/21.1/fxgl-21.1.jar!/fxglassets/ui/fonts/VarelaRound-Regular.ttf
21:01:57.601 [FXGL Background Thread 1 ] DEBUG FXGLApplication      - Loading default localization
21:01:57.601 [FXGL Background Thread 1 ] DEBUG FXGLAssetLoaderServi - Loading from file system: jar:file:/C:/Users/Olga/.m2/repository/com/github/almasb/fxgl/21.1/fxgl-21.1.jar!/fxglassets/languages/english.lang
21:01:57.623 [FXGL Background Thread 1 ] INFO  FXGLApplication      - FXGL initialization took: 0.423 sec
21:01:57.623 [JavaFX Application Thread] DEBUG FXGLAssetLoaderServi - Loading from file system: jar:file:/C:/Users/Olga/.m2/repository/com/github/almasb/fxgl/21.1/fxgl-21.1.jar!/fxglassets/textures/fxgl_icon.png
21:01:57.646 [JavaFX Application Thread] DEBUG FXGLAssetLoaderServi - Loading from file system: jar:file:/C:/Users/Olga/.m2/repository/com/github/almasb/fxgl/21.1/fxgl-21.1.jar!/fxglassets/textures/fxgl_default_cursor.png
21:01:57.650 [FXGL Background Thread 4 ] DEBUG FXGLAssetLoaderServi - Loading from file system: jar:file:/C:/Users/Olga/.m2/repository/com/github/almasb/fxgl/21.1/fxgl-21.1.jar!/fxglassets/ui/fonts/Abel-Regular.ttf
21:01:57.656 [JavaFX Application Thread] DEBUG Input                - Registered new binding: Screenshot - CTRL+8
21:01:57.657 [JavaFX Application Thread] DEBUG Input                - Registered new binding: System info dump - CTRL+9
21:01:57.657 [JavaFX Application Thread] DEBUG Input                - Registered new binding: Restart - CTRL+R
21:01:57.658 [JavaFX Application Thread] DEBUG Input                - Registered new binding: Toggle Debug Camera - CTRL+7
21:01:57.660 [JavaFX Application Thread] DEBUG LoopRunner           - Starting loop
21:01:57.661 [JavaFX Application Thread] DEBUG LoopRunner           - Initializing JavaFX AnimationTimerLoop
21:01:57.663 [JavaFX Application Thread] DEBUG GameApplicationServi - Starting new game
21:01:57.663 [JavaFX Application Thread] DEBUG Input                - Clearing active input actions
21:01:57.665 [FXGL Background Thread 4 ] DEBUG FXGLAssetLoaderServi - Loading from file system: jar:file:/C:/Users/Olga/.m2/repository/com/github/almasb/fxgl/21.1/fxgl-21.1.jar!/fxglassets/ui/fonts/TerminalLandMono-Regular.otf
21:01:57.675 [JavaFX Application Thread] DEBUG GameApplicationServi - Removing overlay from FXGLStartupScene and adding to FXGLLoadingScene
21:01:57.676 [JavaFX Application Thread] DEBUG PrimaryStageWindow   - FXGLStartupScene -> FXGLLoadingScene
21:01:57.676 [JavaFX Application Thread] DEBUG GameApplicationServi - Clearing previous game
21:01:57.676 [JavaFX Application Thread] DEBUG GameScene            - Clearing game scene
21:01:57.676 [JavaFX Application Thread] DEBUG GameWorld            - Clearing game world
21:01:57.676 [JavaFX Application Thread] DEBUG PhysicsWorld         - Clearing physics world
21:01:57.677 [FXGL Background Thread 1 ] DEBUG FXGLApplication      - Initializing game
21:01:57.681 [FXGL Background Thread 4 ] DEBUG FXGLAssetLoaderServi - Loading from file system: jar:file:/C:/Users/Olga/.m2/repository/com/github/almasb/fxgl/21.1/fxgl-21.1.jar!/fxglassets/ui/fonts/Courier-Prime.ttf
21:01:57.706 [FXGL Background Thread 1 ] DEBUG Input                - Registered new binding: D - D
21:01:57.706 [FXGL Background Thread 1 ] DEBUG Input                - Registered new binding: A - A
21:01:57.706 [FXGL Background Thread 1 ] DEBUG Input                - Registered new binding: W - W
21:01:57.706 [FXGL Background Thread 1 ] DEBUG Input                - Registered new binding: S - S
21:01:57.706 [FXGL Background Thread 1 ] INFO  FXGLApplication      - Game initialization took: 0.029 sec
21:01:57.726 [JavaFX Application Thread] DEBUG FXGLApplication      - Registering font factories with UI factory
21:01:57.728 [JavaFX Application Thread] DEBUG Input                - Clearing active input actions
21:01:57.742 [JavaFX Application Thread] DEBUG GameApplicationServi - Removing overlay from FXGLLoadingScene and adding to GameScene
21:01:57.743 [JavaFX Application Thread] DEBUG PrimaryStageWindow   - FXGLLoadingScene -> GameScene
21:02:00.600 [FXGL Background Thread 3 ] DEBUG Engine               - Logging environment variables
21:02:00.601 [FXGL Background Thread 3 ] DEBUG Engine               - achievements: []
21:02:00.601 [FXGL Background Thread 3 ] DEBUG Engine               - actualHeight: 500.0
21:02:00.601 [FXGL Background Thread 3 ] DEBUG Engine               - actualHeightProperty: ReadOnlyDoubleProperty [value: 500.0]
21:02:00.602 [FXGL Background Thread 3 ] DEBUG Engine               - actualWidth: 500.0
21:02:00.602 [FXGL Background Thread 3 ] DEBUG Engine               - actualWidthProperty: ReadOnlyDoubleProperty [value: 500.0]
21:02:00.602 [FXGL Background Thread 3 ] DEBUG Engine               - appIcon: fxgl_icon.png
21:02:00.602 [FXGL Background Thread 3 ] DEBUG Engine               - applicationMode: DEVELOPER
21:02:00.602 [FXGL Background Thread 3 ] DEBUG Engine               - cSSList: [fxgl_dark.css]
21:02:00.602 [FXGL Background Thread 3 ] DEBUG Engine               - collisionDetectionStrategy: BRUTE_FORCE
21:02:00.602 [FXGL Background Thread 3 ] DEBUG Engine               - configClass: Optional.empty
21:02:00.602 [FXGL Background Thread 3 ] DEBUG Engine               - credits: []
21:02:00.603 [FXGL Background Thread 3 ] DEBUG Engine               - defaultCursor: CursorInfo(imageName=fxgl_default_cursor.png, hotspotX=7.0, hotspotY=6.0)
21:02:00.603 [FXGL Background Thread 3 ] DEBUG Engine               - devBBoxColorProperty: ObjectProperty [value: 0xff0000ff]
21:02:00.603 [FXGL Background Thread 3 ] DEBUG Engine               - devEnableDebugCameraProperty: BooleanProperty [value: false]
21:02:00.604 [FXGL Background Thread 3 ] DEBUG Engine               - devSensorColorProperty: ObjectProperty [value: 0xffff00ff]
21:02:00.604 [FXGL Background Thread 3 ] DEBUG Engine               - devShowBBoxProperty: BooleanProperty [value: false]
21:02:00.604 [FXGL Background Thread 3 ] DEBUG Engine               - devShowPositionProperty: BooleanProperty [value: false]
21:02:00.604 [FXGL Background Thread 3 ] DEBUG Engine               - enabledMenuItems: []
21:02:00.604 [FXGL Background Thread 3 ] DEBUG Engine               - engineServices: [class com.almasb.fxgl.app.services.FXGLAssetLoaderService, class com.almasb.fxgl.app.FXGLApplication$GameApplicationService, class com.almasb.fxgl.app.services.FXGLDialogService, class com.almasb.fxgl.app.services.IOTaskExecutorService, class com.almasb.fxgl.io.FileSystemService, class com.almasb.fxgl.localization.LocalizationService, class com.almasb.fxgl.app.services.SystemBundleService, class com.almasb.fxgl.profile.SaveLoadService, class com.almasb.fxgl.ui.FXGLUIFactoryServiceProvider, class com.almasb.fxgl.ui.FXGLDialogFactoryServiceProvider, class com.almasb.fxgl.audio.AudioPlayer, class com.almasb.fxgl.notification.impl.NotificationServiceProvider, class com.almasb.fxgl.achievement.AchievementService, class com.almasb.fxgl.cutscene.CutsceneService, class com.almasb.fxgl.minigames.MiniGameService, class com.almasb.fxgl.net.NetService, class com.almasb.fxgl.app.services.UpdaterService, class com.almasb.fxgl.dev.DevService]
21:02:00.604 [FXGL Background Thread 3 ] DEBUG Engine               - fontGame: Abel-Regular.ttf
21:02:00.605 [FXGL Background Thread 3 ] DEBUG Engine               - fontMono: TerminalLandMono-Regular.otf
21:02:00.605 [FXGL Background Thread 3 ] DEBUG Engine               - fontSizeScaleUI: 1.0
21:02:00.605 [FXGL Background Thread 3 ] DEBUG Engine               - fontText: Courier-Prime.ttf
21:02:00.605 [FXGL Background Thread 3 ] DEBUG Engine               - fontUI: VarelaRound-Regular.ttf
21:02:00.605 [FXGL Background Thread 3 ] DEBUG Engine               - fullScreen: BooleanProperty [value: false]
21:02:00.605 [FXGL Background Thread 3 ] DEBUG Engine               - gameDifficulty: MEDIUM
21:02:00.605 [FXGL Background Thread 3 ] DEBUG Engine               - gameDifficultyProperty: ObjectProperty [value: MEDIUM]
21:02:00.605 [FXGL Background Thread 3 ] DEBUG Engine               - globalMusicVolume: 0.5
21:02:00.606 [FXGL Background Thread 3 ] DEBUG Engine               - globalMusicVolumeProperty: DoubleProperty [value: 0.5]
21:02:00.606 [FXGL Background Thread 3 ] DEBUG Engine               - globalSoundVolume: 0.5
21:02:00.606 [FXGL Background Thread 3 ] DEBUG Engine               - globalSoundVolumeProperty: DoubleProperty [value: 0.5]
21:02:00.606 [FXGL Background Thread 3 ] DEBUG Engine               - height: 500
21:02:00.606 [FXGL Background Thread 3 ] DEBUG Engine               - is3D: false
21:02:00.606 [FXGL Background Thread 3 ] DEBUG Engine               - isAndroid: false
21:02:00.606 [FXGL Background Thread 3 ] DEBUG Engine               - isBrowser: false
21:02:00.606 [FXGL Background Thread 3 ] DEBUG Engine               - isClickFeedbackEnabled: false
21:02:00.606 [FXGL Background Thread 3 ] DEBUG Engine               - isCloseConfirmation: false
21:02:00.606 [FXGL Background Thread 3 ] DEBUG Engine               - isDesktop: true
21:02:00.606 [FXGL Background Thread 3 ] DEBUG Engine               - isDeveloperMenuEnabled: false
21:02:00.606 [FXGL Background Thread 3 ] DEBUG Engine               - isEmbedded: false
21:02:00.606 [FXGL Background Thread 3 ] DEBUG Engine               - isEntityPreloadEnabled: true
21:02:00.606 [FXGL Background Thread 3 ] DEBUG Engine               - isExperimentalTiledLargeMap: false
21:02:00.606 [FXGL Background Thread 3 ] DEBUG Engine               - isFileSystemWriteAllowed: true
21:02:00.606 [FXGL Background Thread 3 ] DEBUG Engine               - isFullScreenAllowed: false
21:02:00.606 [FXGL Background Thread 3 ] DEBUG Engine               - isFullScreenFromStart: false
21:02:00.606 [FXGL Background Thread 3 ] DEBUG Engine               - isGameMenuEnabled: true
21:02:00.606 [FXGL Background Thread 3 ] DEBUG Engine               - isIOS: false
21:02:00.606 [FXGL Background Thread 3 ] DEBUG Engine               - isIntroEnabled: false
21:02:00.607 [FXGL Background Thread 3 ] DEBUG Engine               - isLinux: false
21:02:00.607 [FXGL Background Thread 3 ] DEBUG Engine               - isMac: false
21:02:00.607 [FXGL Background Thread 3 ] DEBUG Engine               - isMainMenuEnabled: false
21:02:00.607 [FXGL Background Thread 3 ] DEBUG Engine               - isManualResizeEnabled: false
21:02:00.607 [FXGL Background Thread 3 ] DEBUG Engine               - isMobile: false
21:02:00.607 [FXGL Background Thread 3 ] DEBUG Engine               - isNative: false
21:02:00.607 [FXGL Background Thread 3 ] DEBUG Engine               - isPauseMusicWhenMinimized: true
21:02:00.607 [FXGL Background Thread 3 ] DEBUG Engine               - isPreserveResizeRatio: false
21:02:00.607 [FXGL Background Thread 3 ] DEBUG Engine               - isProfilingEnabled: false
21:02:00.607 [FXGL Background Thread 3 ] DEBUG Engine               - isScaleAffectedOnResize: true
21:02:00.607 [FXGL Background Thread 3 ] DEBUG Engine               - isSingleStep: false
21:02:00.607 [FXGL Background Thread 3 ] DEBUG Engine               - isUserProfileEnabled: false
21:02:00.607 [FXGL Background Thread 3 ] DEBUG Engine               - isWindows: true
21:02:00.607 [FXGL Background Thread 3 ] DEBUG Engine               - language: ObjectProperty [value: ENGLISH]
21:02:00.607 [FXGL Background Thread 3 ] DEBUG Engine               - menuKey: ESCAPE
21:02:00.607 [FXGL Background Thread 3 ] DEBUG Engine               - mouseSensitivity: 0.2
21:02:00.607 [FXGL Background Thread 3 ] DEBUG Engine               - notificationViewClass: class com.almasb.fxgl.notification.view.XboxNotificationView
21:02:00.607 [FXGL Background Thread 3 ] DEBUG Engine               - pixelsPerMeter: 50.0
21:02:00.607 [FXGL Background Thread 3 ] DEBUG Engine               - platform: WINDOWS
21:02:00.607 [FXGL Background Thread 3 ] DEBUG Engine               - prefHeightProperty: ReadOnlyDoubleProperty [value: 500.0]
21:02:00.607 [FXGL Background Thread 3 ] DEBUG Engine               - prefWidthProperty: ReadOnlyDoubleProperty [value: 500.0]
21:02:00.607 [FXGL Background Thread 3 ] DEBUG Engine               - profileDir: profiles/
21:02:00.607 [FXGL Background Thread 3 ] DEBUG Engine               - profileName: StringProperty [value: DEFAULT]
21:02:00.607 [FXGL Background Thread 3 ] DEBUG Engine               - randomSeed: -1
21:02:00.608 [FXGL Background Thread 3 ] DEBUG Engine               - runtimeInfo: RuntimeInfo(platform=WINDOWS, version=21.1, build=27.03.2024 07.52)
21:02:00.608 [FXGL Background Thread 3 ] DEBUG Engine               - saveFileExt: sav
21:02:00.608 [FXGL Background Thread 3 ] DEBUG Engine               - scaledHeightProp$fxgl: DoubleProperty [bound, value: 500.0]
21:02:00.608 [FXGL Background Thread 3 ] DEBUG Engine               - scaledWidthProp$fxgl: DoubleProperty [bound, value: 500.0]
21:02:00.608 [FXGL Background Thread 3 ] DEBUG Engine               - sceneFactory: com.almasb.fxgl.app.scene.SceneFactory@6e0f5c03
21:02:00.608 [FXGL Background Thread 3 ] DEBUG Engine               - secondsIn24h: 60
21:02:00.608 [FXGL Background Thread 3 ] DEBUG Engine               - soundMenuBack: menu/back.wav
21:02:00.608 [FXGL Background Thread 3 ] DEBUG Engine               - soundMenuPress: menu/press.wav
21:02:00.608 [FXGL Background Thread 3 ] DEBUG Engine               - soundMenuSelect: menu/select.wav
21:02:00.608 [FXGL Background Thread 3 ] DEBUG Engine               - soundNotification: core/notification.wav
21:02:00.608 [FXGL Background Thread 3 ] DEBUG Engine               - stageStyle: DECORATED
21:02:00.608 [FXGL Background Thread 3 ] DEBUG Engine               - supportedLanguages: [ENGLISH, FRENCH, GERMAN, HUNGARIAN, RUSSIAN]
21:02:00.608 [FXGL Background Thread 3 ] DEBUG Engine               - ticksPerSecond: -1
21:02:00.608 [FXGL Background Thread 3 ] DEBUG Engine               - title: speed cube
21:02:00.608 [FXGL Background Thread 3 ] DEBUG Engine               - urlGithub: https://github.com/AlmasB/FXGL
21:02:00.608 [FXGL Background Thread 3 ] DEBUG Engine               - urlLeaderboard: http://fxgl-top.herokuapp.com/
21:02:00.608 [FXGL Background Thread 3 ] DEBUG Engine               - urlPOM: https://raw.githubusercontent.com/AlmasB/FXGL/release/README.md
21:02:00.608 [FXGL Background Thread 3 ] DEBUG Engine               - userAppClass: class org.example.Main
21:02:00.608 [FXGL Background Thread 3 ] DEBUG Engine               - version: 0.0
21:02:00.608 [FXGL Background Thread 3 ] DEBUG Engine               - versionCheckDays: 7
21:02:00.608 [FXGL Background Thread 3 ] DEBUG Engine               - width: 500
21:02:00.608 [FXGL Background Thread 3 ] DEBUG Engine               - Logging services
21:02:00.608 [FXGL Background Thread 3 ] DEBUG Engine               - class com.almasb.fxgl.app.services.FXGLAssetLoaderService
21:02:00.609 [FXGL Background Thread 3 ] DEBUG Engine               - class com.almasb.fxgl.app.FXGLApplication$GameApplicationService
21:02:00.609 [FXGL Background Thread 3 ] DEBUG Engine               - class com.almasb.fxgl.app.services.FXGLDialogService
21:02:00.609 [FXGL Background Thread 3 ] DEBUG Engine               - class com.almasb.fxgl.app.services.IOTaskExecutorService
21:02:00.609 [FXGL Background Thread 3 ] DEBUG Engine               - class com.almasb.fxgl.io.FileSystemService
21:02:00.609 [FXGL Background Thread 3 ] DEBUG Engine               - class com.almasb.fxgl.localization.LocalizationService
21:02:00.609 [FXGL Background Thread 3 ] DEBUG Engine               - class com.almasb.fxgl.app.services.SystemBundleService
21:02:00.609 [FXGL Background Thread 3 ] DEBUG Engine               - class com.almasb.fxgl.profile.SaveLoadService
21:02:00.609 [FXGL Background Thread 3 ] DEBUG Engine               - class com.almasb.fxgl.ui.FXGLUIFactoryServiceProvider
21:02:00.609 [FXGL Background Thread 3 ] DEBUG Engine               - class com.almasb.fxgl.ui.FXGLDialogFactoryServiceProvider
21:02:00.609 [FXGL Background Thread 3 ] DEBUG Engine               - class com.almasb.fxgl.audio.AudioPlayer
21:02:00.609 [FXGL Background Thread 3 ] DEBUG Engine               - class com.almasb.fxgl.notification.impl.NotificationServiceProvider
21:02:00.609 [FXGL Background Thread 3 ] DEBUG Engine               - class com.almasb.fxgl.achievement.AchievementService
21:02:00.609 [FXGL Background Thread 3 ] DEBUG Engine               - class com.almasb.fxgl.cutscene.CutsceneService
21:02:00.609 [FXGL Background Thread 3 ] DEBUG Engine               - class com.almasb.fxgl.minigames.MiniGameService
21:02:00.609 [FXGL Background Thread 3 ] DEBUG Engine               - class com.almasb.fxgl.net.NetService
21:02:00.609 [FXGL Background Thread 3 ] DEBUG Engine               - class com.almasb.fxgl.app.services.UpdaterService
21:02:00.609 [FXGL Background Thread 3 ] DEBUG Engine               - class com.almasb.fxgl.dev.DevService
21:02:01.579 [JavaFX Application Thread] DEBUG FXGLApplication      - Exiting FXGL
21:02:01.579 [JavaFX Application Thread] DEBUG LoopRunner           - Stopping loop
21:02:01.579 [JavaFX Application Thread] DEBUG SystemBundleService  - Saving FXGL system data
21:02:01.581 [JavaFX Application Thread] DEBUG FileSystemAccess     - Writing to: C:\Users\Olga\Videos\untitled4\system\fxgl.bundle
21:02:01.584 [JavaFX Application Thread] DEBUG Async                - Shutting down background threads
21:02:01.584 [JavaFX Application Thread] DEBUG PrimaryStageWindow   - Closing main window
21:02:01.595 [JavaFX Application Thread] DEBUG Logger               - Closing Logger
